{"/Users/p804961/code_practices/automation-ts-selenium-jest/src/config/config.types.ts": {"path":"/Users/p804961/code_practices/automation-ts-selenium-jest/src/config/config.types.ts","statementMap":{"0":{"start":{"line":5,"column":0},"end":{"line":5,"column":null}},"1":{"start":{"line":6,"column":4},"end":{"line":6,"column":null}},"2":{"start":{"line":7,"column":4},"end":{"line":7,"column":null}},"3":{"start":{"line":8,"column":4},"end":{"line":8,"column":null}},"4":{"start":{"line":9,"column":4},"end":{"line":9,"column":null}}},"fnMap":{"0":{"name":"(anonymous_0)","decl":{"start":{"line":5,"column":0},"end":{"line":5,"column":12}},"loc":{"start":{"line":5,"column":19},"end":{"line":10,"column":1}}}},"branchMap":{"0":{"loc":{"start":{"line":5,"column":12},"end":{"line":5,"column":19}},"type":"binary-expr","locations":[{"start":{"line":5,"column":12},"end":{"line":5,"column":19}},{"start":{"line":5,"column":12},"end":{"line":5,"column":null}}]}},"s":{"0":0,"1":0,"2":0,"3":0,"4":0},"f":{"0":0},"b":{"0":[0,0]}}
,"/Users/p804961/code_practices/automation-ts-selenium-jest/src/config/driver-factory.ts": {"path":"/Users/p804961/code_practices/automation-ts-selenium-jest/src/config/driver-factory.ts","statementMap":{"0":{"start":{"line":1,"column":0},"end":{"line":1,"column":56}},"1":{"start":{"line":2,"column":0},"end":{"line":2,"column":69}},"2":{"start":{"line":3,"column":0},"end":{"line":3,"column":71}},"3":{"start":{"line":4,"column":0},"end":{"line":4,"column":41}},"4":{"start":{"line":14,"column":8},"end":{"line":16,"column":null}},"5":{"start":{"line":15,"column":12},"end":{"line":15,"column":58}},"6":{"start":{"line":17,"column":8},"end":{"line":17,"column":39}},"7":{"start":{"line":22,"column":28},"end":{"line":22,"column":80}},"8":{"start":{"line":23,"column":8},"end":{"line":43,"column":null}},"9":{"start":{"line":24,"column":12},"end":{"line":40,"column":null}},"10":{"start":{"line":26,"column":42},"end":{"line":26,"column":61}},"11":{"start":{"line":27,"column":20},"end":{"line":27,"column":67}},"12":{"start":{"line":28,"column":20},"end":{"line":28,"column":71}},"13":{"start":{"line":28,"column":46},"end":{"line":28,"column":71}},"14":{"start":{"line":29,"column":20},"end":{"line":32,"column":47}},"15":{"start":{"line":34,"column":43},"end":{"line":34,"column":63}},"16":{"start":{"line":35,"column":20},"end":{"line":35,"column":72}},"17":{"start":{"line":35,"column":46},"end":{"line":35,"column":72}},"18":{"start":{"line":36,"column":20},"end":{"line":39,"column":47}},"19":{"start":{"line":42,"column":12},"end":{"line":42,"column":74}},"20":{"start":{"line":44,"column":8},"end":{"line":44,"column":22}},"21":{"start":{"line":6,"column":0},"end":{"line":6,"column":13}}},"fnMap":{"0":{"name":"(anonymous_0)","decl":{"start":{"line":13,"column":11},"end":{"line":13,"column":17}},"loc":{"start":{"line":13,"column":29},"end":{"line":18,"column":5}}},"1":{"name":"(anonymous_1)","decl":{"start":{"line":20,"column":11},"end":{"line":20,"column":16}},"loc":{"start":{"line":20,"column":32},"end":{"line":45,"column":5}}}},"branchMap":{"0":{"loc":{"start":{"line":14,"column":8},"end":{"line":16,"column":null}},"type":"if","locations":[{"start":{"line":14,"column":8},"end":{"line":16,"column":null}},{"start":{"line":14,"column":8},"end":{"line":16,"column":null}}]},"1":{"loc":{"start":{"line":22,"column":62},"end":{"line":22,"column":66}},"type":"cond-expr","locations":[{"start":{"line":22,"column":62},"end":{"line":22,"column":66}},{"start":{"line":22,"column":66},"end":{"line":22,"column":80}}]},"2":{"loc":{"start":{"line":22,"column":28},"end":{"line":22,"column":66}},"type":"binary-expr","locations":[{"start":{"line":22,"column":28},"end":{"line":22,"column":66}},{"start":{"line":22,"column":62},"end":{"line":22,"column":66}}]},"3":{"loc":{"start":{"line":22,"column":47},"end":{"line":22,"column":49}},"type":"cond-expr","locations":[{"start":{"line":22,"column":47},"end":{"line":22,"column":49}},{"start":{"line":22,"column":47},"end":{"line":22,"column":62}}]},"4":{"loc":{"start":{"line":22,"column":28},"end":{"line":22,"column":49}},"type":"binary-expr","locations":[{"start":{"line":22,"column":28},"end":{"line":22,"column":49}},{"start":{"line":22,"column":47},"end":{"line":22,"column":49}}]},"5":{"loc":{"start":{"line":25,"column":16},"end":{"line":32,"column":47}},"type":"switch","locations":[{"start":{"line":25,"column":16},"end":{"line":32,"column":47}},{"start":{"line":33,"column":16},"end":{"line":39,"column":47}}]},"6":{"loc":{"start":{"line":28,"column":20},"end":{"line":28,"column":71}},"type":"if","locations":[{"start":{"line":28,"column":20},"end":{"line":28,"column":71}},{"start":{"line":28,"column":20},"end":{"line":28,"column":71}}]},"7":{"loc":{"start":{"line":35,"column":20},"end":{"line":35,"column":72}},"type":"if","locations":[{"start":{"line":35,"column":20},"end":{"line":35,"column":72}},{"start":{"line":35,"column":20},"end":{"line":35,"column":72}}]}},"s":{"0":0,"1":0,"2":0,"3":0,"4":0,"5":0,"6":0,"7":0,"8":0,"9":0,"10":0,"11":0,"12":0,"13":0,"14":0,"15":0,"16":0,"17":0,"18":0,"19":0,"20":0,"21":0},"f":{"0":0,"1":0},"b":{"0":[0,0],"1":[0,0],"2":[0,0],"3":[0,0],"4":[0,0],"5":[0,0],"6":[0,0],"7":[0,0]}}
,"/Users/p804961/code_practices/automation-ts-selenium-jest/src/config/env.config.ts": {"path":"/Users/p804961/code_practices/automation-ts-selenium-jest/src/config/env.config.ts","statementMap":{"0":{"start":{"line":1,"column":23},"end":{"line":7,"column":1}},"1":{"start":{"line":2,"column":4},"end":{"line":6,"column":null}},"2":{"start":{"line":3,"column":8},"end":{"line":3,"column":35}},"3":{"start":{"line":5,"column":8},"end":{"line":5,"column":92}}},"fnMap":{"0":{"name":"(anonymous_0)","decl":{"start":{"line":1,"column":23},"end":{"line":1,"column":34}},"loc":{"start":{"line":1,"column":36},"end":{"line":7,"column":1}}}},"branchMap":{"0":{"loc":{"start":{"line":2,"column":4},"end":{"line":6,"column":null}},"type":"if","locations":[{"start":{"line":2,"column":4},"end":{"line":6,"column":null}},{"start":{"line":2,"column":4},"end":{"line":6,"column":null}}]}},"s":{"0":0,"1":0,"2":0,"3":0},"f":{"0":0},"b":{"0":[0,0]}}
,"/Users/p804961/code_practices/automation-ts-selenium-jest/src/config/timeout.config.ts": {"path":"/Users/p804961/code_practices/automation-ts-selenium-jest/src/config/timeout.config.ts","statementMap":{"0":{"start":{"line":1,"column":0},"end":{"line":1,"column":null}},"1":{"start":{"line":2,"column":4},"end":{"line":2,"column":null}},"2":{"start":{"line":3,"column":4},"end":{"line":3,"column":null}},"3":{"start":{"line":4,"column":4},"end":{"line":4,"column":null}}},"fnMap":{"0":{"name":"(anonymous_0)","decl":{"start":{"line":1,"column":0},"end":{"line":1,"column":12}},"loc":{"start":{"line":1,"column":20},"end":{"line":5,"column":1}}}},"branchMap":{"0":{"loc":{"start":{"line":1,"column":12},"end":{"line":1,"column":20}},"type":"binary-expr","locations":[{"start":{"line":1,"column":12},"end":{"line":1,"column":20}},{"start":{"line":1,"column":12},"end":{"line":1,"column":null}}]}},"s":{"0":0,"1":0,"2":0,"3":0},"f":{"0":0},"b":{"0":[0,0]}}
,"/Users/p804961/code_practices/automation-ts-selenium-jest/src/utils/timer.ts": {"path":"/Users/p804961/code_practices/automation-ts-selenium-jest/src/utils/timer.ts","statementMap":{"0":{"start":{"line":2,"column":12},"end":{"line":2,"column":27}},"1":{"start":{"line":5,"column":8},"end":{"line":13,"column":null}},"2":{"start":{"line":6,"column":12},"end":{"line":10,"column":null}},"3":{"start":{"line":7,"column":16},"end":{"line":7,"column":55}},"4":{"start":{"line":9,"column":16},"end":{"line":9,"column":73}},"5":{"start":{"line":12,"column":12},"end":{"line":12,"column":22}},"6":{"start":{"line":17,"column":8},"end":{"line":22,"column":null}},"7":{"start":{"line":18,"column":32},"end":{"line":18,"column":52}},"8":{"start":{"line":19,"column":12},"end":{"line":19,"column":49}},"9":{"start":{"line":21,"column":12},"end":{"line":21,"column":22}},"10":{"start":{"line":26,"column":8},"end":{"line":30,"column":null}},"11":{"start":{"line":27,"column":12},"end":{"line":27,"column":67}},"12":{"start":{"line":29,"column":12},"end":{"line":29,"column":22}},"13":{"start":{"line":34,"column":8},"end":{"line":38,"column":null}},"14":{"start":{"line":35,"column":12},"end":{"line":35,"column":67}},"15":{"start":{"line":37,"column":12},"end":{"line":37,"column":22}},"16":{"start":{"line":1,"column":0},"end":{"line":1,"column":21}}},"fnMap":{"0":{"name":"(anonymous_0)","decl":{"start":{"line":1,"column":0},"end":{"line":1,"column":21}},"loc":{"start":{"line":1,"column":0},"end":{"line":40,"column":1}}},"1":{"name":"(anonymous_1)","decl":{"start":{"line":4,"column":11},"end":{"line":4,"column":21}},"loc":{"start":{"line":4,"column":21},"end":{"line":14,"column":5}}},"2":{"name":"(anonymous_2)","decl":{"start":{"line":16,"column":11},"end":{"line":16,"column":25}},"loc":{"start":{"line":16,"column":25},"end":{"line":23,"column":5}}},"3":{"name":"(anonymous_3)","decl":{"start":{"line":25,"column":11},"end":{"line":25,"column":33}},"loc":{"start":{"line":25,"column":33},"end":{"line":31,"column":5}}},"4":{"name":"(anonymous_4)","decl":{"start":{"line":33,"column":11},"end":{"line":33,"column":35}},"loc":{"start":{"line":33,"column":59},"end":{"line":39,"column":5}}}},"branchMap":{"0":{"loc":{"start":{"line":6,"column":12},"end":{"line":10,"column":null}},"type":"if","locations":[{"start":{"line":6,"column":12},"end":{"line":10,"column":null}},{"start":{"line":6,"column":12},"end":{"line":10,"column":null}}]}},"s":{"0":0,"1":0,"2":0,"3":0,"4":0,"5":0,"6":0,"7":0,"8":0,"9":0,"10":0,"11":0,"12":0,"13":0,"14":0,"15":0,"16":0},"f":{"0":0,"1":0,"2":0,"3":0,"4":0},"b":{"0":[0,0]}}
,"/Users/p804961/code_practices/automation-ts-selenium-jest/src/web-wrapper/browser-handler.ts": {"path":"/Users/p804961/code_practices/automation-ts-selenium-jest/src/web-wrapper/browser-handler.ts","statementMap":{"0":{"start":{"line":1,"column":0},"end":{"line":1,"column":84}},"1":{"start":{"line":2,"column":0},"end":{"line":2,"column":55}},"2":{"start":{"line":3,"column":0},"end":{"line":3,"column":50}},"3":{"start":{"line":4,"column":0},"end":{"line":4,"column":33}},"4":{"start":{"line":11,"column":8},"end":{"line":17,"column":null}},"5":{"start":{"line":12,"column":12},"end":{"line":14,"column":86}},"6":{"start":{"line":16,"column":12},"end":{"line":16,"column":41}},"7":{"start":{"line":25,"column":8},"end":{"line":35,"column":null}},"8":{"start":{"line":26,"column":30},"end":{"line":26,"column":70}},"9":{"start":{"line":27,"column":12},"end":{"line":27,"column":37}},"10":{"start":{"line":28,"column":12},"end":{"line":32,"column":14}},"11":{"start":{"line":29,"column":37},"end":{"line":29,"column":112}},"12":{"start":{"line":34,"column":12},"end":{"line":34,"column":41}},"13":{"start":{"line":39,"column":8},"end":{"line":44,"column":null}},"14":{"start":{"line":40,"column":30},"end":{"line":40,"column":70}},"15":{"start":{"line":41,"column":12},"end":{"line":41,"column":56}},"16":{"start":{"line":43,"column":12},"end":{"line":43,"column":22}},"17":{"start":{"line":48,"column":8},"end":{"line":53,"column":null}},"18":{"start":{"line":49,"column":30},"end":{"line":49,"column":70}},"19":{"start":{"line":50,"column":12},"end":{"line":50,"column":57}},"20":{"start":{"line":52,"column":12},"end":{"line":52,"column":22}},"21":{"start":{"line":57,"column":8},"end":{"line":62,"column":null}},"22":{"start":{"line":58,"column":30},"end":{"line":58,"column":70}},"23":{"start":{"line":59,"column":12},"end":{"line":59,"column":39}},"24":{"start":{"line":61,"column":12},"end":{"line":61,"column":22}},"25":{"start":{"line":66,"column":8},"end":{"line":71,"column":null}},"26":{"start":{"line":67,"column":30},"end":{"line":67,"column":70}},"27":{"start":{"line":68,"column":12},"end":{"line":68,"column":36}},"28":{"start":{"line":70,"column":12},"end":{"line":70,"column":41}},"29":{"start":{"line":75,"column":8},"end":{"line":80,"column":null}},"30":{"start":{"line":76,"column":30},"end":{"line":76,"column":70}},"31":{"start":{"line":77,"column":12},"end":{"line":77,"column":67}},"32":{"start":{"line":79,"column":12},"end":{"line":79,"column":41}},"33":{"start":{"line":84,"column":8},"end":{"line":89,"column":null}},"34":{"start":{"line":85,"column":30},"end":{"line":85,"column":70}},"35":{"start":{"line":86,"column":12},"end":{"line":86,"column":49}},"36":{"start":{"line":88,"column":12},"end":{"line":88,"column":41}},"37":{"start":{"line":93,"column":8},"end":{"line":97,"column":null}},"38":{"start":{"line":94,"column":12},"end":{"line":94,"column":67}},"39":{"start":{"line":96,"column":12},"end":{"line":96,"column":22}},"40":{"start":{"line":101,"column":8},"end":{"line":106,"column":null}},"41":{"start":{"line":102,"column":30},"end":{"line":102,"column":70}},"42":{"start":{"line":103,"column":12},"end":{"line":103,"column":71}},"43":{"start":{"line":105,"column":12},"end":{"line":105,"column":22}},"44":{"start":{"line":110,"column":8},"end":{"line":115,"column":null}},"45":{"start":{"line":111,"column":30},"end":{"line":111,"column":70}},"46":{"start":{"line":112,"column":12},"end":{"line":112,"column":57}},"47":{"start":{"line":114,"column":12},"end":{"line":114,"column":22}},"48":{"start":{"line":119,"column":8},"end":{"line":123,"column":null}},"49":{"start":{"line":120,"column":12},"end":{"line":120,"column":68}},"50":{"start":{"line":122,"column":12},"end":{"line":122,"column":22}},"51":{"start":{"line":127,"column":8},"end":{"line":132,"column":null}},"52":{"start":{"line":128,"column":30},"end":{"line":128,"column":70}},"53":{"start":{"line":129,"column":12},"end":{"line":129,"column":97}},"54":{"start":{"line":131,"column":12},"end":{"line":131,"column":22}},"55":{"start":{"line":136,"column":8},"end":{"line":142,"column":null}},"56":{"start":{"line":137,"column":30},"end":{"line":137,"column":70}},"57":{"start":{"line":138,"column":33},"end":{"line":138,"column":67}},"58":{"start":{"line":139,"column":12},"end":{"line":139,"column":40}},"59":{"start":{"line":141,"column":12},"end":{"line":141,"column":22}},"60":{"start":{"line":146,"column":8},"end":{"line":152,"column":null}},"61":{"start":{"line":147,"column":30},"end":{"line":147,"column":70}},"62":{"start":{"line":148,"column":33},"end":{"line":148,"column":67}},"63":{"start":{"line":149,"column":12},"end":{"line":149,"column":41}},"64":{"start":{"line":151,"column":12},"end":{"line":151,"column":22}},"65":{"start":{"line":156,"column":8},"end":{"line":161,"column":null}},"66":{"start":{"line":157,"column":30},"end":{"line":157,"column":70}},"67":{"start":{"line":158,"column":12},"end":{"line":158,"column":49}},"68":{"start":{"line":160,"column":12},"end":{"line":160,"column":22}},"69":{"start":{"line":165,"column":8},"end":{"line":170,"column":null}},"70":{"start":{"line":166,"column":30},"end":{"line":166,"column":70}},"71":{"start":{"line":167,"column":12},"end":{"line":167,"column":54}},"72":{"start":{"line":169,"column":12},"end":{"line":169,"column":22}},"73":{"start":{"line":174,"column":8},"end":{"line":179,"column":null}},"74":{"start":{"line":175,"column":30},"end":{"line":175,"column":70}},"75":{"start":{"line":176,"column":12},"end":{"line":176,"column":53}},"76":{"start":{"line":178,"column":12},"end":{"line":178,"column":22}},"77":{"start":{"line":183,"column":8},"end":{"line":205,"column":null}},"78":{"start":{"line":184,"column":30},"end":{"line":184,"column":70}},"79":{"start":{"line":185,"column":47},"end":{"line":185,"column":84}},"80":{"start":{"line":186,"column":31},"end":{"line":186,"column":36}},"81":{"start":{"line":187,"column":33},"end":{"line":187,"column":44}},"82":{"start":{"line":188,"column":12},"end":{"line":188,"column":31}},"83":{"start":{"line":189,"column":12},"end":{"line":199,"column":null}},"84":{"start":{"line":190,"column":16},"end":{"line":198,"column":null}},"85":{"start":{"line":191,"column":20},"end":{"line":191,"column":62}},"86":{"start":{"line":192,"column":20},"end":{"line":192,"column":47}},"87":{"start":{"line":193,"column":49},"end":{"line":193,"column":75}},"88":{"start":{"line":194,"column":20},"end":{"line":197,"column":null}},"89":{"start":{"line":195,"column":24},"end":{"line":195,"column":44}},"90":{"start":{"line":196,"column":24},"end":{"line":196,"column":30}},"91":{"start":{"line":200,"column":12},"end":{"line":202,"column":null}},"92":{"start":{"line":201,"column":16},"end":{"line":201,"column":78}},"93":{"start":{"line":204,"column":12},"end":{"line":204,"column":22}},"94":{"start":{"line":6,"column":0},"end":{"line":6,"column":21}}},"fnMap":{"0":{"name":"(anonymous_1)","decl":{"start":{"line":10,"column":12},"end":{"line":10,"column":18}},"loc":{"start":{"line":10,"column":42},"end":{"line":18,"column":5}}},"1":{"name":"(anonymous_2)","decl":{"start":{"line":24,"column":11},"end":{"line":24,"column":17}},"loc":{"start":{"line":24,"column":46},"end":{"line":36,"column":5}}},"2":{"name":"(anonymous_3)","decl":{"start":{"line":29,"column":16},"end":{"line":29,"column":21}},"loc":{"start":{"line":29,"column":37},"end":{"line":29,"column":112}}},"3":{"name":"(anonymous_4)","decl":{"start":{"line":38,"column":11},"end":{"line":38,"column":17}},"loc":{"start":{"line":38,"column":51},"end":{"line":45,"column":5}}},"4":{"name":"(anonymous_5)","decl":{"start":{"line":47,"column":11},"end":{"line":47,"column":17}},"loc":{"start":{"line":47,"column":52},"end":{"line":54,"column":5}}},"5":{"name":"(anonymous_6)","decl":{"start":{"line":56,"column":11},"end":{"line":56,"column":17}},"loc":{"start":{"line":56,"column":34},"end":{"line":63,"column":5}}},"6":{"name":"(anonymous_7)","decl":{"start":{"line":65,"column":11},"end":{"line":65,"column":17}},"loc":{"start":{"line":65,"column":36},"end":{"line":72,"column":5}}},"7":{"name":"(anonymous_8)","decl":{"start":{"line":74,"column":11},"end":{"line":74,"column":17}},"loc":{"start":{"line":74,"column":76},"end":{"line":81,"column":5}}},"8":{"name":"(anonymous_9)","decl":{"start":{"line":83,"column":11},"end":{"line":83,"column":17}},"loc":{"start":{"line":83,"column":52},"end":{"line":90,"column":5}}},"9":{"name":"(anonymous_10)","decl":{"start":{"line":92,"column":11},"end":{"line":92,"column":17}},"loc":{"start":{"line":92,"column":35},"end":{"line":98,"column":5}}},"10":{"name":"(anonymous_11)","decl":{"start":{"line":100,"column":11},"end":{"line":100,"column":17}},"loc":{"start":{"line":100,"column":80},"end":{"line":107,"column":5}}},"11":{"name":"(anonymous_12)","decl":{"start":{"line":109,"column":11},"end":{"line":109,"column":17}},"loc":{"start":{"line":109,"column":45},"end":{"line":116,"column":5}}},"12":{"name":"(anonymous_13)","decl":{"start":{"line":118,"column":11},"end":{"line":118,"column":17}},"loc":{"start":{"line":118,"column":35},"end":{"line":124,"column":5}}},"13":{"name":"(anonymous_14)","decl":{"start":{"line":126,"column":11},"end":{"line":126,"column":17}},"loc":{"start":{"line":126,"column":40},"end":{"line":133,"column":5}}},"14":{"name":"(anonymous_15)","decl":{"start":{"line":135,"column":11},"end":{"line":135,"column":17}},"loc":{"start":{"line":135,"column":35},"end":{"line":143,"column":5}}},"15":{"name":"(anonymous_16)","decl":{"start":{"line":145,"column":11},"end":{"line":145,"column":17}},"loc":{"start":{"line":145,"column":36},"end":{"line":153,"column":5}}},"16":{"name":"(anonymous_17)","decl":{"start":{"line":155,"column":11},"end":{"line":155,"column":17}},"loc":{"start":{"line":155,"column":35},"end":{"line":162,"column":5}}},"17":{"name":"(anonymous_18)","decl":{"start":{"line":164,"column":11},"end":{"line":164,"column":17}},"loc":{"start":{"line":164,"column":59},"end":{"line":171,"column":5}}},"18":{"name":"(anonymous_19)","decl":{"start":{"line":173,"column":11},"end":{"line":173,"column":17}},"loc":{"start":{"line":173,"column":39},"end":{"line":180,"column":5}}},"19":{"name":"(anonymous_20)","decl":{"start":{"line":182,"column":11},"end":{"line":182,"column":17}},"loc":{"start":{"line":182,"column":91},"end":{"line":206,"column":5}}}},"branchMap":{"0":{"loc":{"start":{"line":13,"column":52},"end":{"line":13,"column":null}},"type":"cond-expr","locations":[{"start":{"line":13,"column":52},"end":{"line":13,"column":null}},{"start":{"line":14,"column":18},"end":{"line":14,"column":69}}]},"1":{"loc":{"start":{"line":13,"column":16},"end":{"line":13,"column":null}},"type":"binary-expr","locations":[{"start":{"line":13,"column":16},"end":{"line":13,"column":null}},{"start":{"line":13,"column":52},"end":{"line":13,"column":null}}]},"2":{"loc":{"start":{"line":129,"column":84},"end":{"line":129,"column":88}},"type":"cond-expr","locations":[{"start":{"line":129,"column":84},"end":{"line":129,"column":88}},{"start":{"line":129,"column":91},"end":{"line":129,"column":96}}]},"3":{"loc":{"start":{"line":182,"column":77},"end":{"line":182,"column":91}},"type":"default-arg","locations":[{"start":{"line":182,"column":77},"end":{"line":182,"column":91}}]},"4":{"loc":{"start":{"line":194,"column":20},"end":{"line":197,"column":null}},"type":"if","locations":[{"start":{"line":194,"column":20},"end":{"line":197,"column":null}},{"start":{"line":194,"column":20},"end":{"line":197,"column":null}}]},"5":{"loc":{"start":{"line":200,"column":12},"end":{"line":202,"column":null}},"type":"if","locations":[{"start":{"line":200,"column":12},"end":{"line":202,"column":null}},{"start":{"line":200,"column":12},"end":{"line":202,"column":null}}]},"6":{"loc":{"start":{"line":200,"column":16},"end":{"line":200,"column":60}},"type":"binary-expr","locations":[{"start":{"line":200,"column":16},"end":{"line":200,"column":60}},{"start":{"line":200,"column":64},"end":{"line":200,"column":77}}]}},"s":{"0":0,"1":0,"2":0,"3":0,"4":0,"5":0,"6":0,"7":0,"8":0,"9":0,"10":0,"11":0,"12":0,"13":0,"14":0,"15":0,"16":0,"17":0,"18":0,"19":0,"20":0,"21":0,"22":0,"23":0,"24":0,"25":0,"26":0,"27":0,"28":0,"29":0,"30":0,"31":0,"32":0,"33":0,"34":0,"35":0,"36":0,"37":0,"38":0,"39":0,"40":0,"41":0,"42":0,"43":0,"44":0,"45":0,"46":0,"47":0,"48":0,"49":0,"50":0,"51":0,"52":0,"53":0,"54":0,"55":0,"56":0,"57":0,"58":0,"59":0,"60":0,"61":0,"62":0,"63":0,"64":0,"65":0,"66":0,"67":0,"68":0,"69":0,"70":0,"71":0,"72":0,"73":0,"74":0,"75":0,"76":0,"77":0,"78":0,"79":0,"80":0,"81":0,"82":0,"83":0,"84":0,"85":0,"86":0,"87":0,"88":0,"89":0,"90":0,"91":0,"92":0,"93":0,"94":0},"f":{"0":0,"1":0,"2":0,"3":0,"4":0,"5":0,"6":0,"7":0,"8":0,"9":0,"10":0,"11":0,"12":0,"13":0,"14":0,"15":0,"16":0,"17":0,"18":0,"19":0},"b":{"0":[0,0],"1":[0,0],"2":[0,0],"3":[0],"4":[0,0],"5":[0,0],"6":[0,0]}}
,"/Users/p804961/code_practices/automation-ts-selenium-jest/src/web-wrapper/element-finder.ts": {"path":"/Users/p804961/code_practices/automation-ts-selenium-jest/src/web-wrapper/element-finder.ts","statementMap":{"0":{"start":{"line":1,"column":0},"end":{"line":1,"column":64}},"1":{"start":{"line":2,"column":0},"end":{"line":2,"column":58}},"2":{"start":{"line":3,"column":0},"end":{"line":3,"column":50}},"3":{"start":{"line":10,"column":8},"end":{"line":10,"column":32}},"4":{"start":{"line":14,"column":8},"end":{"line":19,"column":null}},"5":{"start":{"line":15,"column":12},"end":{"line":15,"column":75}},"6":{"start":{"line":16,"column":12},"end":{"line":16,"column":33}},"7":{"start":{"line":18,"column":12},"end":{"line":18,"column":22}},"8":{"start":{"line":23,"column":8},"end":{"line":29,"column":null}},"9":{"start":{"line":24,"column":36},"end":{"line":24,"column":60}},"10":{"start":{"line":25,"column":12},"end":{"line":25,"column":46}},"11":{"start":{"line":26,"column":12},"end":{"line":26,"column":24}},"12":{"start":{"line":28,"column":12},"end":{"line":28,"column":22}},"13":{"start":{"line":33,"column":8},"end":{"line":39,"column":null}},"14":{"start":{"line":34,"column":36},"end":{"line":34,"column":60}},"15":{"start":{"line":35,"column":12},"end":{"line":35,"column":46}},"16":{"start":{"line":36,"column":12},"end":{"line":36,"column":31}},"17":{"start":{"line":38,"column":12},"end":{"line":38,"column":22}},"18":{"start":{"line":43,"column":8},"end":{"line":47,"column":null}},"19":{"start":{"line":44,"column":12},"end":{"line":44,"column":101}},"20":{"start":{"line":46,"column":12},"end":{"line":46,"column":22}},"21":{"start":{"line":51,"column":8},"end":{"line":55,"column":null}},"22":{"start":{"line":52,"column":12},"end":{"line":52,"column":104}},"23":{"start":{"line":54,"column":12},"end":{"line":54,"column":22}},"24":{"start":{"line":59,"column":8},"end":{"line":63,"column":null}},"25":{"start":{"line":60,"column":12},"end":{"line":60,"column":99}},"26":{"start":{"line":62,"column":12},"end":{"line":62,"column":22}},"27":{"start":{"line":67,"column":8},"end":{"line":72,"column":null}},"28":{"start":{"line":68,"column":36},"end":{"line":68,"column":60}},"29":{"start":{"line":69,"column":12},"end":{"line":69,"column":43}},"30":{"start":{"line":71,"column":12},"end":{"line":71,"column":22}},"31":{"start":{"line":76,"column":8},"end":{"line":81,"column":null}},"32":{"start":{"line":77,"column":36},"end":{"line":77,"column":60}},"33":{"start":{"line":78,"column":12},"end":{"line":78,"column":42}},"34":{"start":{"line":80,"column":12},"end":{"line":80,"column":22}},"35":{"start":{"line":85,"column":8},"end":{"line":90,"column":null}},"36":{"start":{"line":86,"column":36},"end":{"line":86,"column":60}},"37":{"start":{"line":87,"column":12},"end":{"line":87,"column":41}},"38":{"start":{"line":89,"column":12},"end":{"line":89,"column":22}},"39":{"start":{"line":5,"column":0},"end":{"line":5,"column":21}}},"fnMap":{"0":{"name":"(anonymous_1)","decl":{"start":{"line":9,"column":4},"end":{"line":9,"column":16}},"loc":{"start":{"line":9,"column":32},"end":{"line":11,"column":5}}},"1":{"name":"(anonymous_2)","decl":{"start":{"line":13,"column":12},"end":{"line":13,"column":17}},"loc":{"start":{"line":13,"column":29},"end":{"line":20,"column":5}}},"2":{"name":"(anonymous_3)","decl":{"start":{"line":22,"column":11},"end":{"line":22,"column":16}},"loc":{"start":{"line":22,"column":22},"end":{"line":30,"column":5}}},"3":{"name":"(anonymous_4)","decl":{"start":{"line":32,"column":11},"end":{"line":32,"column":16}},"loc":{"start":{"line":32,"column":34},"end":{"line":40,"column":5}}},"4":{"name":"(anonymous_5)","decl":{"start":{"line":42,"column":11},"end":{"line":42,"column":16}},"loc":{"start":{"line":42,"column":78},"end":{"line":48,"column":5}}},"5":{"name":"(anonymous_6)","decl":{"start":{"line":50,"column":11},"end":{"line":50,"column":16}},"loc":{"start":{"line":50,"column":81},"end":{"line":56,"column":5}}},"6":{"name":"(anonymous_7)","decl":{"start":{"line":58,"column":11},"end":{"line":58,"column":16}},"loc":{"start":{"line":58,"column":84},"end":{"line":64,"column":5}}},"7":{"name":"(anonymous_8)","decl":{"start":{"line":66,"column":11},"end":{"line":66,"column":16}},"loc":{"start":{"line":66,"column":35},"end":{"line":73,"column":5}}},"8":{"name":"(anonymous_9)","decl":{"start":{"line":75,"column":11},"end":{"line":75,"column":16}},"loc":{"start":{"line":75,"column":34},"end":{"line":82,"column":5}}},"9":{"name":"(anonymous_10)","decl":{"start":{"line":84,"column":11},"end":{"line":84,"column":16}},"loc":{"start":{"line":84,"column":33},"end":{"line":91,"column":5}}}},"branchMap":{"0":{"loc":{"start":{"line":42,"column":64},"end":{"line":42,"column":78}},"type":"default-arg","locations":[{"start":{"line":42,"column":64},"end":{"line":42,"column":78}}]},"1":{"loc":{"start":{"line":50,"column":67},"end":{"line":50,"column":81}},"type":"default-arg","locations":[{"start":{"line":50,"column":67},"end":{"line":50,"column":81}}]},"2":{"loc":{"start":{"line":58,"column":70},"end":{"line":58,"column":84}},"type":"default-arg","locations":[{"start":{"line":58,"column":70},"end":{"line":58,"column":84}}]}},"s":{"0":0,"1":0,"2":0,"3":0,"4":0,"5":0,"6":0,"7":0,"8":0,"9":0,"10":0,"11":0,"12":0,"13":0,"14":0,"15":0,"16":0,"17":0,"18":0,"19":0,"20":0,"21":0,"22":0,"23":0,"24":0,"25":0,"26":0,"27":0,"28":0,"29":0,"30":0,"31":0,"32":0,"33":0,"34":0,"35":0,"36":0,"37":0,"38":0,"39":0},"f":{"0":0,"1":0,"2":0,"3":0,"4":0,"5":0,"6":0,"7":0,"8":0,"9":0},"b":{"0":[0],"1":[0],"2":[0]}}
}
